<html>
<body>
<pre>
<h1>Vision Build Log</h1>
<h2>Tool Versions:</h2>
IDE-Version: Vision V5.14.2
Copyright (C) 2015 ARM Ltd and ARM Germany GmbH. All rights reserved.
License Information: cjou Administrator, kk, LIC=7YUII-T115W-K28LZ-J6QRC-Q06QT-JRN3A
 
Tool Versions:
Toolchain:       MDK51 Professional  Version: 9.54
Toolchain Path:  D:\Program Files (x86)\C51\BIN
C Compiler:      C51.exe V9.54
Assembler:       A51.exe V8.02c
Linker/Locator:  BL51.exe V6.22
Library Manager: LIB51.exe V4.30.1.0
Hex Converter:   OH51.exe V2.7.0.0
CPU DLL:         S8051.DLL V3.100.0.0
Dialog DLL:      DP51.DLL V2.62.0.1 
<h2>Project:</h2>
E:\work\1\新建文件夹\led\buzz.uvproj
Project File Date:  03/05/2016

<h2>Output:</h2>
Build target 'Target 1'
assembling STARTUP.A51...
compiling led.c...
led.h(4): warning C318: can't open file 'common.h'
led.h(8): error C141: syntax error near 'n', expected ')'
led.h(9): error C141: syntax error near 'n', expected ')'
led.c(16): error C202: 'A138': undefined identifier
led.c(17): error C202: 'B138': undefined identifier
led.c(18): error C202: 'C138': undefined identifier
compiling 1.c...
..\..\led\1.c(13): error C202: 'p2': undefined identifier
..\..\led\1.c(14): error C202: 'p2': undefined identifier
..\..\led\1.c(14): error C231: 'B': redefinition
..\..\led\1.c(15): error C202: 'p2': undefined identifier
..\..\led\1.c(21): error C202: 'a': undefined identifier
..\..\led\1.c(22): error C202: 'A138': undefined identifier
..\..\led\1.c(23): error C202: 'B138': undefined identifier
..\..\led\1.c(24): error C202: 'C138': undefined identifier
..\..\led\1.c(25): error C202: 'i': undefined identifier
..\..\led\1.c(26): error C141: syntax error near '{', expected ')'
..\..\led\1.c(28): error C202: 'delay1000': undefined identifier
..\..\led\1.c(29): error C202: 'a': undefined identifier
..\..\led\1.c(32): error C202: 'A138': undefined identifier
..\..\led\1.c(33): error C202: 'B138': undefined identifier
..\..\led\1.c(34): error C202: 'C138': undefined identifier
..\..\led\1.c(43): error C141: syntax error near '}'
compiling 蜂鸣器.c...
Target not created.
</pre>
</body>
</html>
